# JRE version: OpenJDK Runtime Environment (8.0_322) (build 1.8.0_322-ga)
# Java VM: OpenJDK 64-Bit Server VM (25.322-bga mixed mode linux-amd64 compressed oops)
Heap:
 def new generation   total 100672K, used 66512K [0x00000000e0000000, 0x00000000e6d30000, 0x00000000eaaa0000)
  eden space 89536K,  67% used [0x00000000e0000000, 0x00000000e3af80c8, 0x00000000e5770000)
  from space 11136K,  55% used [0x00000000e5770000, 0x00000000e5d6c1d8, 0x00000000e6250000)
  to   space 11136K,   0% used [0x00000000e6250000, 0x00000000e6250000, 0x00000000e6d30000)
 tenured generation   total 223400K, used 157304K [0x00000000eaaa0000, 0x00000000f84ca000, 0x0000000100000000)
   the space 223400K,  70% used [0x00000000eaaa0000, 0x00000000f443e298, 0x00000000f443e400, 0x00000000f84ca000)
 Metaspace       used 56472K, capacity 57868K, committed 58112K, reserved 1099776K
  class space    used 6991K, capacity 7322K, committed 7424K, reserved 1048576K
GC Heap History (10 events):
Event: 8645.757 GC heap before
{Heap before GC invocations=236 (full 11):
 def new generation   total 100672K, used 96577K [0x00000000e0000000, 0x00000000e6d30000, 0x00000000eaaa0000)
  eden space 89536K, 100% used [0x00000000e0000000, 0x00000000e5770000, 0x00000000e5770000)
  from space 11136K,  63% used [0x00000000e6250000, 0x00000000e6930470, 0x00000000e6d30000)
  to   space 11136K,   0% used [0x00000000e5770000, 0x00000000e5770000, 0x00000000e6250000)
 tenured generation   total 223400K, used 144710K [0x00000000eaaa0000, 0x00000000f84ca000, 0x0000000100000000)
   the space 223400K,  64% used [0x00000000eaaa0000, 0x00000000f37f19f0, 0x00000000f37f1a00, 0x00000000f84ca000)
 Metaspace       used 56325K, capacity 57790K, committed 58112K, reserved 1099776K
  class space    used 6974K, capacity 7319K, committed 7424K, reserved 1048576K
Event: 8645.840 GC heap after
Heap after GC invocations=237 (full 11):
 def new generation   total 100672K, used 4775K [0x00000000e0000000, 0x00000000e6d30000, 0x00000000eaaa0000)
  eden space 89536K,   0% used [0x00000000e0000000, 0x00000000e0000000, 0x00000000e5770000)
  from space 11136K,  42% used [0x00000000e5770000, 0x00000000e5c19fa8, 0x00000000e6250000)
  to   space 11136K,   0% used [0x00000000e6250000, 0x00000000e6250000, 0x00000000e6d30000)
 tenured generation   total 223400K, used 146754K [0x00000000eaaa0000, 0x00000000f84ca000, 0x0000000100000000)
   the space 223400K,  65% used [0x00000000eaaa0000, 0x00000000f39f0a30, 0x00000000f39f0c00, 0x00000000f84ca000)
 Metaspace       used 56325K, capacity 57790K, committed 58112K, reserved 1099776K
  class space    used 6974K, capacity 7319K, committed 7424K, reserved 1048576K
}
Event: 8691.233 GC heap before
{Heap before GC invocations=237 (full 11):
 def new generation   total 100672K, used 94311K [0x00000000e0000000, 0x00000000e6d30000, 0x00000000eaaa0000)
  eden space 89536K, 100% used [0x00000000e0000000, 0x00000000e5770000, 0x00000000e5770000)
  from space 11136K,  42% used [0x00000000e5770000, 0x00000000e5c19fa8, 0x00000000e6250000)
  to   space 11136K,   0% used [0x00000000e6250000, 0x00000000e6250000, 0x00000000e6d30000)
 tenured generation   total 223400K, used 146754K [0x00000000eaaa0000, 0x00000000f84ca000, 0x0000000100000000)
   the space 223400K,  65% used [0x00000000eaaa0000, 0x00000000f39f0a30, 0x00000000f39f0c00, 0x00000000f84ca000)
 Metaspace       used 56325K, capacity 57790K, committed 58112K, reserved 1099776K
  class space    used 6974K, capacity 7319K, committed 7424K, reserved 1048576K
Event: 8691.253 GC heap after
Heap after GC invocations=238 (full 11):
 def new generation   total 100672K, used 4628K [0x00000000e0000000, 0x00000000e6d30000, 0x00000000eaaa0000)
  eden space 89536K,   0% used [0x00000000e0000000, 0x00000000e0000000, 0x00000000e5770000)
  from space 11136K,  41% used [0x00000000e6250000, 0x00000000e66d53d8, 0x00000000e6d30000)
  to   space 11136K,   0% used [0x00000000e5770000, 0x00000000e5770000, 0x00000000e6250000)
 tenured generation   total 223400K, used 146754K [0x00000000eaaa0000, 0x00000000f84ca000, 0x0000000100000000)
   the space 223400K,  65% used [0x00000000eaaa0000, 0x00000000f39f0a30, 0x00000000f39f0c00, 0x00000000f84ca000)
 Metaspace       used 56325K, capacity 57790K, committed 58112K, reserved 1099776K
  class space    used 6974K, capacity 7319K, committed 7424K, reserved 1048576K
}
Event: 8712.987 GC heap before
{Heap before GC invocations=238 (full 11):
 def new generation   total 100672K, used 94164K [0x00000000e0000000, 0x00000000e6d30000, 0x00000000eaaa0000)
  eden space 89536K, 100% used [0x00000000e0000000, 0x00000000e5770000, 0x00000000e5770000)
  from space 11136K,  41% used [0x00000000e6250000, 0x00000000e66d53d8, 0x00000000e6d30000)
  to   space 11136K,   0% used [0x00000000e5770000, 0x00000000e5770000, 0x00000000e6250000)
 tenured generation   total 223400K, used 146754K [0x00000000eaaa0000, 0x00000000f84ca000, 0x0000000100000000)
   the space 223400K,  65% used [0x00000000eaaa0000, 0x00000000f39f0a30, 0x00000000f39f0c00, 0x00000000f84ca000)
 Metaspace       used 56326K, capacity 57790K, committed 58112K, reserved 1099776K
  class space    used 6974K, capacity 7319K, committed 7424K, reserved 1048576K
Event: 8713.186 GC heap after
Heap after GC invocations=239 (full 11):
 def new generation   total 100672K, used 11135K [0x00000000e0000000, 0x00000000e6d30000, 0x00000000eaaa0000)
  eden space 89536K,   0% used [0x00000000e0000000, 0x00000000e0000000, 0x00000000e5770000)
  from space 11136K,  99% used [0x00000000e5770000, 0x00000000e624fff8, 0x00000000e6250000)
  to   space 11136K,   0% used [0x00000000e6250000, 0x00000000e6250000, 0x00000000e6d30000)
 tenured generation   total 223400K, used 146773K [0x00000000eaaa0000, 0x00000000f84ca000, 0x0000000100000000)
   the space 223400K,  65% used [0x00000000eaaa0000, 0x00000000f39f5618, 0x00000000f39f5800, 0x00000000f84ca000)
 Metaspace       used 56326K, capacity 57790K, committed 58112K, reserved 1099776K
  class space    used 6974K, capacity 7319K, committed 7424K, reserved 1048576K
}
Event: 8750.805 GC heap before
{Heap before GC invocations=239 (full 11):
 def new generation   total 100672K, used 100671K [0x00000000e0000000, 0x00000000e6d30000, 0x00000000eaaa0000)
  eden space 89536K, 100% used [0x00000000e0000000, 0x00000000e5770000, 0x00000000e5770000)
  from space 11136K,  99% used [0x00000000e5770000, 0x00000000e624fff8, 0x00000000e6250000)
  to   space 11136K,   0% used [0x00000000e6250000, 0x00000000e6250000, 0x00000000e6d30000)
 tenured generation   total 223400K, used 146773K [0x00000000eaaa0000, 0x00000000f84ca000, 0x0000000100000000)
   the space 223400K,  65% used [0x00000000eaaa0000, 0x00000000f39f5618, 0x00000000f39f5800, 0x00000000f84ca000)
 Metaspace       used 56329K, capacity 57790K, committed 58112K, reserved 1099776K
  class space    used 6974K, capacity 7319K, committed 7424K, reserved 1048576K
Event: 8751.142 GC heap after
Heap after GC invocations=240 (full 11):
 def new generation   total 100672K, used 5924K [0x00000000e0000000, 0x00000000e6d30000, 0x00000000eaaa0000)
  eden space 89536K,   0% used [0x00000000e0000000, 0x00000000e0000000, 0x00000000e5770000)
  from space 11136K,  53% used [0x00000000e6250000, 0x00000000e68190a0, 0x00000000e6d30000)
  to   space 11136K,   0% used [0x00000000e5770000, 0x00000000e5770000, 0x00000000e6250000)
 tenured generation   total 223400K, used 153461K [0x00000000eaaa0000, 0x00000000f84ca000, 0x0000000100000000)
   the space 223400K,  68% used [0x00000000eaaa0000, 0x00000000f407d6f0, 0x00000000f407d800, 0x00000000f84ca000)
 Metaspace       used 56329K, capacity 57790K, committed 58112K, reserved 1099776K
  class space    used 6974K, capacity 7319K, committed 7424K, reserved 1048576K
}
Event: 8779.380 GC heap before
{Heap before GC invocations=240 (full 11):
 def new generation   total 100672K, used 95476K [0x00000000e0000000, 0x00000000e6d30000, 0x00000000eaaa0000)
  eden space 89536K, 100% used [0x00000000e0000000, 0x00000000e5770000, 0x00000000e5770000)
  from space 11136K,  53% used [0x00000000e6250000, 0x00000000e681d060, 0x00000000e6d30000)
  to   space 11136K,   0% used [0x00000000e5770000, 0x00000000e5770000, 0x00000000e6250000)
 tenured generation   total 223400K, used 153461K [0x00000000eaaa0000, 0x00000000f84ca000, 0x0000000100000000)
   the space 223400K,  68% used [0x00000000eaaa0000, 0x00000000f407d6f0, 0x00000000f407d800, 0x00000000f84ca000)
 Metaspace       used 56330K, capacity 57790K, committed 58112K, reserved 1099776K
  class space    used 6974K, capacity 7319K, committed 7424K, reserved 1048576K
Event: 8779.408 GC heap after
Heap after GC invocations=241 (full 11):
 def new generation   total 100672K, used 6128K [0x00000000e0000000, 0x00000000e6d30000, 0x00000000eaaa0000)
  eden space 89536K,   0% used [0x00000000e0000000, 0x00000000e0000000, 0x00000000e5770000)
  from space 11136K,  55% used [0x00000000e5770000, 0x00000000e5d6c1d8, 0x00000000e6250000)
  to   space 11136K,   0% used [0x00000000e6250000, 0x00000000e6250000, 0x00000000e6d30000)
 tenured generation   total 223400K, used 157304K [0x00000000eaaa0000, 0x00000000f84ca000, 0x0000000100000000)
   the space 223400K,  70% used [0x00000000eaaa0000, 0x00000000f443e298, 0x00000000f443e400, 0x00000000f84ca000)
 Metaspace       used 56330K, capacity 57790K, committed 58112K, reserved 1099776K
  class space    used 6974K, capacity 7319K, committed 7424K, reserved 1048576K
}

